<?xml version="1.0" encoding="UTF-8"?>
<!-- Generated by org.testng.reporters.JUnitReportReporter -->
<testsuite skipped="0" hostname="DESKTOP-UAMMC1M" name="m8_extentreports.reportgen2" tests="1" failures="0" timestamp="26 Mar 2020 09:02:43 GMT" time="10.159" errors="0">
  <testcase name="login" time="10.159" classname="m8_extentreports.reportgen2"/>
</testsuite> <!-- m8_extentreports.reportgen2 -->
