<?xml version="1.0" encoding="UTF-8"?>
<!-- Generated by org.testng.reporters.JUnitReportReporter -->
<testsuite skipped="0" hostname="DESKTOP-UAMMC1M" name="selinum_practice.winhandle_google" tests="1" failures="0" timestamp="26 Mar 2020 04:29:26 GMT" time="33.783" errors="0">
  <testcase name="f" time="33.783" classname="selinum_practice.winhandle_google"/>
</testsuite> <!-- selinum_practice.winhandle_google -->
